<?xml version="1.0" encoding="UTF-8"?>
<robot generator="Robot 7.1 (Python 3.11.5 on win32)" generated="2024-11-14T23:51:50.690352" rpa="false" schemaversion="5">
<suite id="s1" name="Tests" source="C:\Users\dbhargav.c\PycharmProjects\RobotFrameworkTest\pythonProject\Tests">
<suite id="s1-s1" name="testDemo2" source="C:\Users\dbhargav.c\PycharmProjects\RobotFrameworkTest\pythonProject\Tests\testDemo2.robot">
<test id="s1-s1-t1" name="Fill the Login Details and Select the User option" line="27">
<kw name="Open the browser with the mortgage payment url" owner="Generic" type="SETUP">
<kw name="Open Browser" owner="SeleniumLibrary">
<msg time="2024-11-14T23:51:51.467425" level="INFO">Opening browser 'chrome' to base url 'https://rahulshettyacademy.com/loginpagePractise'.</msg>
<arg>url=${url}</arg>
<arg>browser=${browserName}</arg>
<arg>options=add_experimental_option("detach",${True})</arg>
<doc>Opens a new browser instance to the optional ``url``.</doc>
<status status="PASS" start="2024-11-14T23:51:51.467425" elapsed="8.858460"/>
</kw>
<status status="PASS" start="2024-11-14T23:51:51.467425" elapsed="8.858460"/>
</kw>
<kw name="Fill the Login Details and Login Form">
<kw name="Input Text" owner="SeleniumLibrary">
<msg time="2024-11-14T23:52:00.328890" level="INFO">Typing text 'rahulshettyacademy' into text field 'id:username'.</msg>
<arg>id:username</arg>
<arg>rahulshettyacademy</arg>
<doc>Types the given ``text`` into the text field identified by ``locator``.</doc>
<status status="PASS" start="2024-11-14T23:52:00.328890" elapsed="1.107031"/>
</kw>
<kw name="Input Password" owner="SeleniumLibrary">
<msg time="2024-11-14T23:52:01.436919" level="INFO">Typing password into text field 'id:password'.</msg>
<msg time="2024-11-14T23:52:02.152272" level="INFO">Temporally setting log level to: NONE</msg>
<arg>id:password</arg>
<arg>learning</arg>
<doc>Types the given password into the text field identified by ``locator``.</doc>
<status status="PASS" start="2024-11-14T23:52:01.435921" elapsed="4.911221"/>
</kw>
<kw name="Click Element" owner="SeleniumLibrary">
<msg time="2024-11-14T23:52:06.348151" level="INFO">Clicking element 'xpath://input[@value='user']'.</msg>
<arg>xpath://input[@value='user']</arg>
<doc>Click the element identified by ``locator``.</doc>
<status status="PASS" start="2024-11-14T23:52:06.347142" elapsed="0.190313"/>
</kw>
<kw name="Wait Until Element Is Visible" owner="SeleniumLibrary">
<arg>xpath://div[@class='modal-body']</arg>
<doc>Waits until the element ``locator`` is visible.</doc>
<status status="PASS" start="2024-11-14T23:52:06.538457" elapsed="1.225839"/>
</kw>
<kw name="Click Button" owner="SeleniumLibrary">
<msg time="2024-11-14T23:52:07.764296" level="INFO">Clicking button 'okayBtn'.</msg>
<arg>okayBtn</arg>
<doc>Clicks the button identified by ``locator``.</doc>
<status status="PASS" start="2024-11-14T23:52:07.764296" elapsed="0.164166"/>
</kw>
<kw name="Click Button" owner="SeleniumLibrary">
<msg time="2024-11-14T23:52:07.928462" level="INFO">Clicking button 'okayBtn'.</msg>
<arg>okayBtn</arg>
<doc>Clicks the button identified by ``locator``.</doc>
<status status="PASS" start="2024-11-14T23:52:07.928462" elapsed="0.133117"/>
</kw>
<kw name="Select From List By Value" owner="SeleniumLibrary">
<msg time="2024-11-14T23:52:08.063685" level="INFO">Selecting options from selection list 'css:select.form-control' by value teach.</msg>
<arg>css:select.form-control</arg>
<arg>teach</arg>
<doc>Selects options from selection list ``locator`` by ``values``.</doc>
<status status="PASS" start="2024-11-14T23:52:08.061579" elapsed="0.666945"/>
</kw>
<kw name="Select Checkbox" owner="SeleniumLibrary">
<msg time="2024-11-14T23:52:08.728524" level="INFO">Selecting checkbox 'terms'.</msg>
<arg>terms</arg>
<doc>Selects the checkbox identified by ``locator``.</doc>
<status status="PASS" start="2024-11-14T23:52:08.728524" elapsed="0.333208"/>
</kw>
<kw name="Checkbox Should Be Selected" owner="SeleniumLibrary">
<msg time="2024-11-14T23:52:09.061732" level="INFO">Verifying checkbox 'terms' is selected.</msg>
<arg>terms</arg>
<doc>Verifies checkbox ``locator`` is selected/checked.</doc>
<status status="PASS" start="2024-11-14T23:52:09.061732" elapsed="0.051187"/>
</kw>
<kw name="Unselect Checkbox" owner="SeleniumLibrary">
<msg time="2024-11-14T23:52:09.113915" level="INFO">Unselecting checkbox 'terms'.</msg>
<arg>terms</arg>
<doc>Removes the selection of checkbox identified by ``locator``.</doc>
<status status="PASS" start="2024-11-14T23:52:09.113915" elapsed="0.157028"/>
</kw>
<kw name="Checkbox Should Not Be Selected" owner="SeleniumLibrary">
<msg time="2024-11-14T23:52:09.271519" level="INFO">Verifying checkbox 'terms' is not selected.</msg>
<arg>terms</arg>
<doc>Verifies checkbox ``locator`` is not selected/checked.</doc>
<status status="PASS" start="2024-11-14T23:52:09.270943" elapsed="0.041006"/>
</kw>
<status status="PASS" start="2024-11-14T23:52:00.326886" elapsed="8.985063"/>
</kw>
<kw name="Close Browser" owner="SeleniumLibrary" type="TEARDOWN">
<doc>Closes the current browser.</doc>
<status status="PASS" start="2024-11-14T23:52:09.311949" elapsed="9.411094"/>
</kw>
<status status="PASS" start="2024-11-14T23:51:51.467425" elapsed="27.255618"/>
</test>
<doc>To Validate the Login form</doc>
<status status="PASS" start="2024-11-14T23:51:50.760565" elapsed="27.962478"/>
</suite>
<status status="PASS" start="2024-11-14T23:51:50.705895" elapsed="28.017148"/>
</suite>
<statistics>
<total>
<stat pass="1" fail="0" skip="0">All Tests</stat>
</total>
<tag>
</tag>
<suite>
<stat pass="1" fail="0" skip="0" id="s1" name="Tests">Tests</stat>
<stat pass="1" fail="0" skip="0" id="s1-s1" name="testDemo2">Tests.testDemo2</stat>
</suite>
</statistics>
<errors>
</errors>
</robot>
